<?xml version="1.0" encoding="UTF-8"?>
<!-- Generated by org.testng.reporters.JUnitReportReporter -->
<testsuite hostname="Dhanvi" failures="0" tests="1" name="testng.PopUp" time="6.431" errors="0" timestamp="2024-10-18T07:00:21 IST" skipped="0">
  <testcase classname="testng.PopUp" name="test" time="6.431"/>
</testsuite> <!-- testng.PopUp -->
