<?xml version="1.0" encoding="UTF-8"?>
<!-- Generated by org.testng.reporters.JUnitReportReporter -->
<testsuite hostname="Dhanvi" failures="0" tests="1" name="testng.Actingclass" time="10.651" errors="0" timestamp="2024-10-17T07:49:09 IST" skipped="0">
  <testcase classname="testng.Actingclass" name="test" time="10.651"/>
</testsuite> <!-- testng.Actingclass -->
