<?xml version="1.0" encoding="UTF-8"?>
<!-- Generated by org.testng.reporters.JUnitReportReporter -->
<testsuite hostname="Dhanvi" failures="0" tests="1" name="testng.LoginTestt" time="4.773" errors="0" timestamp="2024-10-16T22:26:25 IST" skipped="0">
  <testcase classname="testng.LoginTestt" name="loginTest" time="4.773"/>
</testsuite> <!-- testng.LoginTestt -->
