<?xml version="1.0" encoding="UTF-8"?>
<!-- Generated by org.testng.reporters.JUnitReportReporter -->
<testsuite hostname="Dhanvi" failures="0" tests="1" name="vTigerTests.CreateOrganizationTest" time="17.623" errors="0" timestamp="2024-10-17T15:30:45 IST" skipped="0">
  <testcase classname="vTigerTests.CreateOrganizationTest" name="createOrgTest" time="17.623"/>
</testsuite> <!-- vTigerTests.CreateOrganizationTest -->
