<?xml version="1.0" encoding="UTF-8"?>
<!-- Generated by org.testng.reporters.JUnitReportReporter -->
<testsuite hostname="Dhanvi" failures="0" tests="1" name="testng.AutoSuggestions" time="7.126" errors="0" timestamp="2024-10-17T07:07:06 IST" skipped="0">
  <testcase classname="testng.AutoSuggestions" name="moblileTest" time="7.126"/>
</testsuite> <!-- testng.AutoSuggestions -->
