<?xml version="1.0" encoding="UTF-8"?>
<!-- Generated by org.testng.reporters.JUnitReportReporter -->
<testsuite hostname="Dhanvi" failures="0" tests="1" name="testng.Scenario1" time="17.104" errors="0" timestamp="2024-10-18T07:14:24 IST" skipped="0">
  <testcase classname="testng.Scenario1" name="launchTest" time="17.104"/>
</testsuite> <!-- testng.Scenario1 -->
