<?xml version="1.0" encoding="UTF-8"?>
<!-- Generated by org.testng.reporters.JUnitReportReporter -->
<testsuite hostname="Dhanvi" failures="0" tests="1" name="testng.Screensh" time="3.467" errors="0" timestamp="2024-10-18T08:10:02 IST" skipped="0">
  <testcase classname="testng.Screensh" name="test" time="3.467"/>
</testsuite> <!-- testng.Screensh -->
