<?xml version="1.0" encoding="UTF-8"?>
<!-- Generated by org.testng.reporters.JUnitReportReporter -->
<testsuite hostname="Dhanvi" failures="0" tests="1" name="testng.HyR" time="8.626" errors="0" timestamp="2024-10-17T09:54:56 IST" skipped="0">
  <testcase classname="testng.HyR" name="dropDown" time="8.626"/>
</testsuite> <!-- testng.HyR -->
